build/outputs/logs/manifest-merger-play-debug-report.txt
-- Merging decision tree log ---
manifest
ADDED from src\main\AndroidManifest.xml:2:1-57:12
	package
		ADDED from src\main\AndroidManifest.xml:3:5-40
		INJECTED from src\main\AndroidManifest.xml
		ADDED from src\main\AndroidManifest.xml:3:5-40
		INJECTED from src\play\AndroidManifest.xml
	android:versionName
		ADDED from src\main\AndroidManifest.xml:7:5-32
		INJECTED from src\main\AndroidManifest.xml
		ADDED from src\main\AndroidManifest.xml:7:5-32
		INJECTED from src\play\AndroidManifest.xml
	xmlns:tools
		ADDED from src\main\AndroidManifest.xml:5:5-51
		ADDED from src\main\AndroidManifest.xml:5:5-51
	android:versionCode
		ADDED from src\main\AndroidManifest.xml:6:5-31
		INJECTED from src\main\AndroidManifest.xml
		ADDED from src\main\AndroidManifest.xml:6:5-31
		INJECTED from src\play\AndroidManifest.xml
	xmlns:android
		ADDED from src\main\AndroidManifest.xml:4:5-63
uses-sdk
ADDED from src\main\AndroidManifest.xml:9:5-11:40
MERGED from [com.github.j4velin.colorpicker:colorpicker:1.2.3] AndroidManifest.xml:7:5-9:41
MERGED from [com.android.support:recyclerview-v7:23.1.1] AndroidManifest.xml:20:5-43
MERGED from [com.android.support:palette-v7:23.1.1] AndroidManifest.xml:20:5-43
MERGED from [com.github.j4velin.EazeGraph:EazeGraph:1.0.2] AndroidManifest.xml:7:5-9:41
MERGED from [com.google.android.gms:play-services-fitness:11.0.4] AndroidManifest.xml:17:5-43
MERGED from [com.google.android.gms:play-services-location:11.0.4] AndroidManifest.xml:3:5-43
MERGED from [com.google.android.gms:play-services-games:11.0.4] AndroidManifest.xml:17:5-43
MERGED from [com.google.android.gms:play-services-drive:11.0.4] AndroidManifest.xml:17:5-43
MERGED from [com.google.android.gms:play-services-identity:11.0.4] AndroidManifest.xml:17:5-43
MERGED from [com.google.android.gms:play-services-base:11.0.4] AndroidManifest.xml:17:5-43
MERGED from [com.google.android.gms:play-services-tasks:11.0.4] AndroidManifest.xml:3:5-43
MERGED from [com.google.android.gms:play-services-basement:11.0.4] AndroidManifest.xml:17:5-43
MERGED from [com.android.support:support-v4:25.2.0] AndroidManifest.xml:21:5-23:54
MERGED from [com.android.support:support-fragment:25.2.0] AndroidManifest.xml:21:5-23:60
MERGED from [com.android.support:support-media-compat:25.2.0] AndroidManifest.xml:21:5-23:63
MERGED from [com.android.support:support-core-ui:25.2.0] AndroidManifest.xml:21:5-23:58
MERGED from [com.android.support:support-core-utils:25.2.0] AndroidManifest.xml:21:5-23:61
MERGED from [com.android.support:support-compat:25.2.0] AndroidManifest.xml:21:5-23:58
	tools:overrideLibrary
		ADDED from [com.android.support:support-v4:25.2.0] AndroidManifest.xml:23:9-51
	android:targetSdkVersion
		ADDED from src\main\AndroidManifest.xml:11:9-38
	android:minSdkVersion
		ADDED from src\main\AndroidManifest.xml:10:9-35
uses-feature#android.hardware.sensor.accelerometer
ADDED from src\main\AndroidManifest.xml:13:5-15:34
	android:required
		ADDED from src\main\AndroidManifest.xml:15:9-32
	android:name
		ADDED from src\main\AndroidManifest.xml:14:9-61
uses-permission#android.permission.RECEIVE_BOOT_COMPLETED
ADDED from src\main\AndroidManifest.xml:17:5-80
	android:name
		ADDED from src\main\AndroidManifest.xml:17:22-78
uses-permission#android.permission.WAKE_LOCK
ADDED from src\main\AndroidManifest.xml:18:5-68
	android:name
		ADDED from src\main\AndroidManifest.xml:18:22-65
application
ADDED from src\main\AndroidManifest.xml:20:5-55:19
MERGED from src\main\AndroidManifest.xml:20:5-55:19
MERGED from [com.github.j4velin.colorpicker:colorpicker:1.2.3] AndroidManifest.xml:11:5-17:19
MERGED from [com.android.support:palette-v7:23.1.1] AndroidManifest.xml:22:5-23:19
MERGED from [com.github.j4velin.EazeGraph:EazeGraph:1.0.2] AndroidManifest.xml:11:5-14:19
MERGED from [com.google.android.gms:play-services-fitness:11.0.4] AndroidManifest.xml:18:5-19
MERGED from [com.google.android.gms:play-services-location:11.0.4] AndroidManifest.xml:4:5-19
MERGED from [com.google.android.gms:play-services-games:11.0.4] AndroidManifest.xml:18:5-19
MERGED from [com.google.android.gms:play-services-drive:11.0.4] AndroidManifest.xml:18:5-19
MERGED from [com.google.android.gms:play-services-identity:11.0.4] AndroidManifest.xml:18:5-19
MERGED from [com.google.android.gms:play-services-base:11.0.4] AndroidManifest.xml:18:5-20:19
MERGED from [com.google.android.gms:play-services-tasks:11.0.4] AndroidManifest.xml:4:5-19
MERGED from [com.google.android.gms:play-services-basement:11.0.4] AndroidManifest.xml:19:5-21:19
MERGED from [com.android.support:support-v4:25.2.0] AndroidManifest.xml:25:5-20
MERGED from [com.android.support:support-fragment:25.2.0] AndroidManifest.xml:25:5-20
MERGED from [com.android.support:support-media-compat:25.2.0] AndroidManifest.xml:25:5-20
MERGED from [com.android.support:support-core-ui:25.2.0] AndroidManifest.xml:25:5-20
MERGED from [com.android.support:support-core-utils:25.2.0] AndroidManifest.xml:25:5-20
MERGED from [com.android.support:support-compat:25.2.0] AndroidManifest.xml:25:5-20
	android:label
		ADDED from src\main\AndroidManifest.xml:23:9-41
		ADDED from src\main\AndroidManifest.xml:23:9-41
		REJECTED from [com.github.j4velin.EazeGraph:EazeGraph:1.0.2] AndroidManifest.xml:13:9-41
	android:hardwareAccelerated
		ADDED from [com.github.j4velin.colorpicker:colorpicker:1.2.3] AndroidManifest.xml:13:9-44
	android:allowBackup
		ADDED from src\main\AndroidManifest.xml:21:9-35
		ADDED from src\main\AndroidManifest.xml:21:9-35
	android:icon
		ADDED from src\main\AndroidManifest.xml:22:9-45
		ADDED from src\main\AndroidManifest.xml:22:9-45
	android:theme
		ADDED from src\main\AndroidManifest.xml:24:9-79
		ADDED from src\main\AndroidManifest.xml:24:9-79
	tools:replace
		ADDED from src\main\AndroidManifest.xml:25:9-30
		ADDED from src\main\AndroidManifest.xml:25:9-30
activity#com.niklas.activitydoctor.ui.Activity_Main
ADDED from src\main\AndroidManifest.xml:27:9-37:20
	android:screenOrientation
		ADDED from src\main\AndroidManifest.xml:30:13-49
	android:label
		ADDED from src\main\AndroidManifest.xml:29:13-45
	android:name
		ADDED from src\main\AndroidManifest.xml:28:13-70
intent-filter#android.intent.action.MAIN+android.intent.category.LAUNCHER
ADDED from src\main\AndroidManifest.xml:32:13-36:29
action#android.intent.action.MAIN
ADDED from src\main\AndroidManifest.xml:33:17-68
	android:name
		ADDED from src\main\AndroidManifest.xml:33:25-66
category#android.intent.category.LAUNCHER
ADDED from src\main\AndroidManifest.xml:35:17-76
	android:name
		ADDED from src\main\AndroidManifest.xml:35:27-74
receiver#com.niklas.activitydoctor.AppUpdatedReceiver
ADDED from src\main\AndroidManifest.xml:40:9-44:20
	android:name
		ADDED from src\main\AndroidManifest.xml:40:19-78
intent-filter#android.intent.action.MY_PACKAGE_REPLACED
ADDED from src\main\AndroidManifest.xml:41:13-43:29
action#android.intent.action.MY_PACKAGE_REPLACED
ADDED from src\main\AndroidManifest.xml:42:17-83
	android:name
		ADDED from src\main\AndroidManifest.xml:42:25-81
service#com.niklas.activitydoctor.SensorListener
ADDED from src\main\AndroidManifest.xml:46:9-47:70
	android:name
		ADDED from src\main\AndroidManifest.xml:47:13-68
activity#de.j4velin.lib.colorpicker.ExtractFromPhoto
ADDED from [com.github.j4velin.colorpicker:colorpicker:1.2.3] AndroidManifest.xml:14:9-16:54
	android:theme
		ADDED from [com.github.j4velin.colorpicker:colorpicker:1.2.3] AndroidManifest.xml:16:13-51
	android:name
		ADDED from [com.github.j4velin.colorpicker:colorpicker:1.2.3] AndroidManifest.xml:15:13-71
activity#com.google.android.gms.common.api.GoogleApiActivity
ADDED from [com.google.android.gms:play-services-base:11.0.4] AndroidManifest.xml:19:9-172
	android:exported
		ADDED from [com.google.android.gms:play-services-base:11.0.4] AndroidManifest.xml:19:146-170
	android:theme
		ADDED from [com.google.android.gms:play-services-base:11.0.4] AndroidManifest.xml:19:86-145
	android:name
		ADDED from [com.google.android.gms:play-services-base:11.0.4] AndroidManifest.xml:19:19-85
meta-data#com.google.android.gms.version
MERGED from [com.google.android.gms:play-services-basement:11.0.4] AndroidManifest.xml:20:9-121